<?xml version="1.0" encoding="UTF-8"?>
<!-- Generated by org.testng.reporters.JUnitReportReporter -->
<testsuite hostname="DESKTOP-QF9JJES" failures="0" tests="1" name="TestCaseExecutation1.Csk" time="18.610" errors="0" timestamp="2024-10-08T09:10:14 IST" skipped="0">
  <testcase classname="TestCaseExecutation1.Csk" name="csk" time="18.610"/>
</testsuite> <!-- TestCaseExecutation1.Csk -->
