<?xml version="1.0" encoding="UTF-8"?>
<!-- Generated by org.testng.reporters.JUnitReportReporter -->
<testsuite hostname="DESKTOP-QF9JJES" failures="0" tests="1" name="TestCaseExecutation1.Rcb" time="25.699" errors="0" timestamp="2024-10-08T09:10:14 IST" skipped="0">
  <testcase classname="TestCaseExecutation1.Rcb" name="rcb" time="25.699"/>
</testsuite> <!-- TestCaseExecutation1.Rcb -->
