<?xml version="1.0" encoding="UTF-8"?>
<!-- Generated by org.testng.reporters.JUnitReportReporter -->
<testsuite hostname="DESKTOP-QF9JJES" failures="0" tests="1" name="Asseration.AssertTrueMethod" time="14.185" errors="0" timestamp="2024-10-12T09:05:42 IST" skipped="0">
  <testcase classname="Asseration.AssertTrueMethod" name="main" time="14.185"/>
</testsuite> <!-- Asseration.AssertTrueMethod -->
