<?xml version="1.0" encoding="UTF-8"?>
<!-- Generated by org.testng.reporters.JUnitReportReporter -->
<testsuite hostname="DESKTOP-QF9JJES" failures="0" tests="1" name="TestNg.LaunchListerner" time="14.606" errors="0" timestamp="2024-10-15T09:24:00 IST" skipped="0">
  <testcase classname="TestNg.LaunchListerner" name="dwslogin" time="14.606">
    <system-out>
      <![CDATA[onTestStart
onTestSuccess]]>
    </system-out>
  </testcase> <!-- dwslogin -->
  <system-out>
    <![CDATA[onStart
onTestStart
onTestSuccess]]>
  </system-out>
</testsuite> <!-- TestNg.LaunchListerner -->
