<?xml version="1.0" encoding="UTF-8"?>
<!-- Generated by org.testng.reporters.JUnitReportReporter -->
<testsuite hostname="DESKTOP-QF9JJES" failures="0" tests="1" name="Asseration.Asseration" time="9.329" errors="0" timestamp="2024-10-12T09:04:40 IST" skipped="0">
  <testcase classname="Asseration.Asseration" name="main" time="9.329"/>
</testsuite> <!-- Asseration.Asseration -->
