<?xml version="1.0" encoding="UTF-8"?>
<!-- Generated by org.testng.reporters.JUnitReportReporter -->
<testsuite hostname="DESKTOP-QF9JJES" failures="0" tests="1" name="TestCaseExecution2.RoyalEnfeild" time="28.811" errors="0" timestamp="2024-10-08T08:48:04 IST" skipped="0">
  <testcase classname="TestCaseExecution2.RoyalEnfeild" name="royal_enfeild" time="28.811"/>
</testsuite> <!-- TestCaseExecution2.RoyalEnfeild -->
