<?xml version="1.0" encoding="UTF-8"?>
<!-- Generated by org.testng.reporters.JUnitReportReporter -->
<testsuite hostname="DESKTOP-QF9JJES" failures="0" tests="1" name="TestCaseExecution2.Ktm" time="99.299" errors="0" timestamp="2024-10-08T08:48:04 IST" skipped="0">
  <testcase classname="TestCaseExecution2.Ktm" name="ktm" time="99.299"/>
</testsuite> <!-- TestCaseExecution2.Ktm -->
