<?xml version="1.0" encoding="UTF-8"?>
<!-- Generated by org.testng.reporters.JUnitReportReporter -->
<testsuite hostname="DESKTOP-QF9JJES" failures="0" tests="1" name="Pom.RegisterPgae" time="22.975" errors="0" timestamp="2024-10-18T18:37:40 IST" skipped="0">
  <testcase classname="Pom.RegisterPgae" name="Register" time="22.975"/>
</testsuite> <!-- Pom.RegisterPgae -->
