<?xml version="1.0" encoding="UTF-8"?>
<!-- Generated by org.testng.reporters.JUnitReportReporter -->
<testsuite hostname="DESKTOP-QF9JJES" failures="0" tests="6" name="HelperMethod.PriorityMethod" time="91.647" errors="0" timestamp="2024-10-07T08:58:10 IST" skipped="0">
  <testcase classname="HelperMethod.PriorityMethod" name="dws" time="18.112"/>
  <testcase classname="HelperMethod.PriorityMethod" name="rcb" time="20.221"/>
  <testcase classname="HelperMethod.PriorityMethod" name="csk" time="31.632"/>
  <testcase classname="HelperMethod.PriorityMethod" name="csk" time="6.505"/>
  <testcase classname="HelperMethod.PriorityMethod" name="csk" time="8.001"/>
  <testcase classname="HelperMethod.PriorityMethod" name="csk" time="7.176"/>
</testsuite> <!-- HelperMethod.PriorityMethod -->
