<?xml version="1.0" encoding="UTF-8"?>
<!-- Generated by org.testng.reporters.JUnitReportReporter -->
<testsuite hostname="DESKTOP-QF9JJES" failures="0" tests="1" name="TestNg.LaunchTheBrowser" time="5.967" errors="0" timestamp="2024-10-01T09:16:26 IST" skipped="0">
  <testcase classname="TestNg.LaunchTheBrowser" name="main" time="5.967"/>
</testsuite> <!-- TestNg.LaunchTheBrowser -->
