<?xml version="1.0" encoding="UTF-8"?>
<!-- Generated by org.testng.reporters.JUnitReportReporter -->
<testsuite hostname="DESKTOP-QF9JJES" failures="0" tests="3" name="ChronologicalAnnotation.MoreAnnotationMethod" time="0.015" errors="0" timestamp="2024-10-09T09:57:09 IST" skipped="0">
  <testcase classname="ChronologicalAnnotation.MoreAnnotationMethod" name="testScript2" time="0.004"/>
  <testcase classname="ChronologicalAnnotation.MoreAnnotationMethod" name="testScript3" time="0.004"/>
  <testcase classname="ChronologicalAnnotation.MoreAnnotationMethod" name="testScript1" time="0.007"/>
</testsuite> <!-- ChronologicalAnnotation.MoreAnnotationMethod -->
