<?xml version="1.0" encoding="UTF-8"?>
<!-- Generated by org.testng.reporters.JUnitReportReporter -->
<testsuite hostname="DESKTOP-QF9JJES" failures="0" tests="1" name="Pom.HeaderAllLinks" time="27.313" errors="0" timestamp="2024-10-21T09:12:06 IST" skipped="0">
  <testcase classname="Pom.HeaderAllLinks" name="AllLinks" time="27.313"/>
</testsuite> <!-- Pom.HeaderAllLinks -->
