<?xml version="1.0" encoding="UTF-8"?>
<!-- Generated by org.testng.reporters.JUnitReportReporter -->
<testsuite hostname="DESKTOP-QF9JJES" failures="0" tests="1" name="DataDrivenTesting.TaskDws" time="16.395" errors="0" timestamp="2024-10-04T09:39:49 IST" skipped="0">
  <testcase classname="DataDrivenTesting.TaskDws" name="login" time="16.395"/>
</testsuite> <!-- DataDrivenTesting.TaskDws -->
