<?xml version="1.0" encoding="UTF-8"?>
<!-- Generated by org.testng.reporters.JUnitReportReporter -->
<testsuite hostname="DESKTOP-QF9JJES" failures="0" tests="1" name="DataDrivenTesting.ReadFromExcel" time="16.094" errors="0" timestamp="2024-10-04T08:20:47 IST" skipped="0">
  <testcase classname="DataDrivenTesting.ReadFromExcel" name="login" time="16.094"/>
</testsuite> <!-- DataDrivenTesting.ReadFromExcel -->
