<?xml version="1.0" encoding="UTF-8"?>
<!-- Generated by org.testng.reporters.JUnitReportReporter -->
<testsuite hostname="DESKTOP-QF9JJES" failures="0" tests="6" name="HelperMethod.ThreadPollSize" time="210.433" errors="0" timestamp="2024-10-07T09:04:09 IST" skipped="0">
  <testcase classname="HelperMethod.ThreadPollSize" name="dws" time="9.572"/>
  <testcase classname="HelperMethod.ThreadPollSize" name="rcb" time="19.847"/>
  <testcase classname="HelperMethod.ThreadPollSize" name="csk" time="76.970"/>
  <testcase classname="HelperMethod.ThreadPollSize" name="csk" time="14.809"/>
  <testcase classname="HelperMethod.ThreadPollSize" name="csk" time="78.875"/>
  <testcase classname="HelperMethod.ThreadPollSize" name="csk" time="10.360"/>
</testsuite> <!-- HelperMethod.ThreadPollSize -->
