<?xml version="1.0" encoding="UTF-8"?>
<!-- Generated by org.testng.reporters.JUnitReportReporter -->
<testsuite hostname="DESKTOP-QF9JJES" failures="0" tests="9" name="HelperMethod.EnableMethod" time="150.194" errors="0" timestamp="2024-10-07T09:14:17 IST" skipped="0">
  <testcase classname="HelperMethod.EnableMethod" name="dws" time="7.639"/>
  <testcase classname="HelperMethod.EnableMethod" name="dws" time="7.607"/>
  <testcase classname="HelperMethod.EnableMethod" name="rcb" time="15.351"/>
  <testcase classname="HelperMethod.EnableMethod" name="rcb" time="19.155"/>
  <testcase classname="HelperMethod.EnableMethod" name="rcb" time="8.580"/>
  <testcase classname="HelperMethod.EnableMethod" name="csk" time="43.009"/>
  <testcase classname="HelperMethod.EnableMethod" name="csk" time="6.388"/>
  <testcase classname="HelperMethod.EnableMethod" name="csk" time="7.091"/>
  <testcase classname="HelperMethod.EnableMethod" name="csk" time="35.374"/>
</testsuite> <!-- HelperMethod.EnableMethod -->
