<?xml version="1.0" encoding="UTF-8"?>
<!-- Generated by org.testng.reporters.JUnitReportReporter -->
<testsuite hostname="DESKTOP-QF9JJES" failures="0" tests="1" name="Asseration.AssertEqualsMethod" time="12.439" errors="0" timestamp="2024-10-12T08:55:52 IST" skipped="0">
  <testcase classname="Asseration.AssertEqualsMethod" name="assertEqual" time="12.439"/>
</testsuite> <!-- Asseration.AssertEqualsMethod -->
