<?xml version="1.0" encoding="UTF-8"?>
<!-- Generated by org.testng.reporters.JUnitReportReporter -->
<testsuite hostname="DESKTOP-QF9JJES" failures="0" tests="1" name="DataDrivenTesting.ReadFromProperties" time="4.061" errors="0" timestamp="2024-10-05T08:53:46 IST" skipped="0">
  <testcase classname="DataDrivenTesting.ReadFromProperties" name="login" time="4.061"/>
</testsuite> <!-- DataDrivenTesting.ReadFromProperties -->
