<?xml version="1.0" encoding="UTF-8"?>
<!-- Generated by org.testng.reporters.JUnitReportReporter -->
<testsuite hostname="DESKTOP-QF9JJES" failures="0" tests="1" name="Asseration.SoftAssert" time="7.473" errors="0" timestamp="2024-10-12T09:25:27 IST" skipped="0">
  <testcase classname="Asseration.SoftAssert" name="main" time="7.473"/>
</testsuite> <!-- Asseration.SoftAssert -->
