<?xml version="1.0" encoding="UTF-8"?>
<!-- Generated by org.testng.reporters.JUnitReportReporter -->
<testsuite hostname="DESKTOP-QF9JJES" failures="0" tests="1" name="DataDrivenTesting.DwsProperties" time="13.587" errors="0" timestamp="2024-10-07T07:55:27 IST" skipped="0">
  <testcase classname="DataDrivenTesting.DwsProperties" name="login" time="13.587"/>
</testsuite> <!-- DataDrivenTesting.DwsProperties -->
