<?xml version="1.0" encoding="UTF-8"?>
<!-- Generated by org.testng.reporters.JUnitReportReporter -->
<testsuite hostname="DESKTOP-QF9JJES" failures="0" tests="1" name="ChronologicalAnnotation.ChangeOrder" time="0.005" errors="0" timestamp="2024-10-09T08:47:30 IST" skipped="0">
  <testcase classname="ChronologicalAnnotation.ChangeOrder" name="testScript" time="0.005"/>
</testsuite> <!-- ChronologicalAnnotation.ChangeOrder -->
