<?xml version="1.0" encoding="UTF-8"?>
<!-- Generated by org.testng.reporters.JUnitReportReporter -->
<testsuite hostname="DESKTOP-QF9JJES" failures="0" tests="2" name="DataProvider.ReadDataFromExcel" time="35.535" errors="0" timestamp="2024-10-10T09:37:19 IST" skipped="0">
  <testcase classname="DataProvider.ReadDataFromExcel" name="readFromExcel" time="18.527"/>
  <testcase classname="DataProvider.ReadDataFromExcel" name="readFromExcel" time="17.008"/>
</testsuite> <!-- DataProvider.ReadDataFromExcel -->
