<?xml version="1.0" encoding="UTF-8"?>
<!-- Generated by org.testng.reporters.JUnitReportReporter -->
<testsuite hostname="DESKTOP-QF9JJES" failures="0" tests="1" name="Pom.LoginPage" time="42.840" errors="0" timestamp="2024-10-18T20:28:47 IST" skipped="0">
  <testcase classname="Pom.LoginPage" name="login" time="42.840"/>
</testsuite> <!-- Pom.LoginPage -->
