<?xml version="1.0" encoding="UTF-8"?>
<!-- Generated by org.testng.reporters.JUnitReportReporter -->
<testsuite hostname="DESKTOP-QF9JJES" failures="0" tests="3" name="HelperMethod.DependsOnMethod" time="37.572" errors="0" timestamp="2024-10-07T09:27:18 IST" skipped="0">
  <testcase classname="HelperMethod.DependsOnMethod" name="rcb" time="18.107"/>
  <testcase classname="HelperMethod.DependsOnMethod" name="dws" time="6.320"/>
  <testcase classname="HelperMethod.DependsOnMethod" name="csk" time="13.145"/>
</testsuite> <!-- HelperMethod.DependsOnMethod -->
