<?xml version="1.0" encoding="UTF-8"?>
<!-- Generated by org.testng.reporters.JUnitReportReporter -->
<testsuite hostname="DESKTOP-QF9JJES" failures="0" tests="1" name="ExtentsReports.SampleReport" time="6.956" errors="0" timestamp="2024-10-22T10:09:27 IST" skipped="0">
  <testcase classname="ExtentsReports.SampleReport" name="sample" time="6.956"/>
</testsuite> <!-- ExtentsReports.SampleReport -->
