<?xml version="1.0" encoding="UTF-8"?>
<!-- Generated by org.testng.reporters.JUnitReportReporter -->
<testsuite hostname="DESKTOP-QF9JJES" failures="0" tests="1" name="SampleReport.Testing2" time="3.098" errors="0" timestamp="2024-10-22T10:37:45 IST" skipped="0">
  <testcase classname="SampleReport.Testing2" name="main2" time="3.098">
    <system-out>
      <![CDATA[I am the main2]]>
    </system-out>
  </testcase> <!-- main2 -->
  <system-out>
    <![CDATA[I am the main1
I am the main5
I am the main4
I am the main3
I am the main2]]>
  </system-out>
</testsuite> <!-- SampleReport.Testing2 -->
