<?xml version="1.0" encoding="UTF-8"?>
<!-- Generated by org.testng.reporters.JUnitReportReporter -->
<testsuite hostname="DESKTOP-QF9JJES" failures="0" tests="1" name="Pom.ReadPrivateMenmber" time="45.063" errors="0" timestamp="2024-10-23T22:19:32 IST" skipped="0">
  <testcase classname="Pom.ReadPrivateMenmber" name="main" time="45.063"/>
</testsuite> <!-- Pom.ReadPrivateMenmber -->
