<?xml version="1.0" encoding="UTF-8"?>
<!-- Generated by org.testng.reporters.JUnitReportReporter -->
<testsuite hostname="DESKTOP-QF9JJES" failures="0" tests="6" name="HelperMethod.InvocationMethod" time="111.715" errors="0" timestamp="2024-10-07T09:01:10 IST" skipped="0">
  <testcase classname="HelperMethod.InvocationMethod" name="dws" time="16.299"/>
  <testcase classname="HelperMethod.InvocationMethod" name="rcb" time="11.012"/>
  <testcase classname="HelperMethod.InvocationMethod" name="csk" time="22.022"/>
  <testcase classname="HelperMethod.InvocationMethod" name="csk" time="20.828"/>
  <testcase classname="HelperMethod.InvocationMethod" name="csk" time="22.306"/>
  <testcase classname="HelperMethod.InvocationMethod" name="csk" time="19.248"/>
</testsuite> <!-- HelperMethod.InvocationMethod -->
