<?xml version="1.0" encoding="UTF-8"?>
<!-- Generated by org.testng.reporters.JUnitReportReporter -->
<testsuite hostname="DESKTOP-QF9JJES" failures="0" tests="1" name="Asseration.AssertionNotEquals" time="7.546" errors="0" timestamp="2024-10-12T09:05:09 IST" skipped="0">
  <testcase classname="Asseration.AssertionNotEquals" name="main" time="7.546"/>
</testsuite> <!-- Asseration.AssertionNotEquals -->
