<?xml version="1.0" encoding="UTF-8"?>
<!-- Generated by org.testng.reporters.JUnitReportReporter -->
<testsuite hostname="DESKTOP-QF9JJES" failures="0" tests="1" name="ChronologicalAnnotation.ChronologicalConfiguration" time="0.007" errors="0" timestamp="2024-10-09T08:45:38 IST" skipped="0">
  <testcase classname="ChronologicalAnnotation.ChronologicalConfiguration" name="testScript" time="0.007"/>
</testsuite> <!-- ChronologicalAnnotation.ChronologicalConfiguration -->
