<?xml version="1.0" encoding="UTF-8"?>
<!-- Generated by org.testng.reporters.JUnitReportReporter -->
<testsuite hostname="DESKTOP-QF9JJES" failures="0" tests="1" name="DataDrivenTesting.ReadMultipleDataFromXml" time="23.205" errors="0" timestamp="2024-10-08T10:08:36 IST" skipped="0">
  <testcase classname="DataDrivenTesting.ReadMultipleDataFromXml" name="login" time="23.205"/>
</testsuite> <!-- DataDrivenTesting.ReadMultipleDataFromXml -->
