<?xml version="1.0" encoding="UTF-8"?>
<!-- Generated by org.testng.reporters.JUnitReportReporter -->
<testsuite hostname="DESKTOP-QF9JJES" failures="0" tests="1" name="TestScriptMethods.ClickAllTheLink" time="29.516" errors="0" timestamp="2024-10-09T20:04:08 IST" skipped="0">
  <testcase classname="TestScriptMethods.ClickAllTheLink" name="testScript1" time="29.516"/>
</testsuite> <!-- TestScriptMethods.ClickAllTheLink -->
