<?xml version="1.0" encoding="UTF-8"?>
<!-- Generated by org.testng.reporters.JUnitReportReporter -->
<testsuite hostname="DESKTOP-QF9JJES" failures="0" tests="1" name="Pom.CommunityReader" time="21.803" errors="0" timestamp="2024-10-18T20:59:50 IST" skipped="0">
  <testcase classname="Pom.CommunityReader" name="Community" time="21.803"/>
</testsuite> <!-- Pom.CommunityReader -->
