<?xml version="1.0" encoding="UTF-8"?>
<!-- Generated by org.testng.reporters.JUnitReportReporter -->
<testsuite hostname="DESKTOP-QF9JJES" failures="0" tests="2" name="TestScriptMethods.Task1" time="39.740" errors="0" timestamp="2024-10-10T08:10:03 IST" skipped="0">
  <testcase classname="TestScriptMethods.Task1" name="testScript1" time="15.012"/>
  <testcase classname="TestScriptMethods.Task1" name="testScript2" time="24.728"/>
</testsuite> <!-- TestScriptMethods.Task1 -->
