<?xml version="1.0" encoding="UTF-8"?>
<!-- Generated by org.testng.reporters.JUnitReportReporter -->
<testsuite hostname="DESKTOP-QF9JJES" failures="0" tests="1" name="TestScriptMethods.Task2" time="26.940" errors="0" timestamp="2024-10-09T20:30:18 IST" skipped="0">
  <testcase classname="TestScriptMethods.Task2" name="testScript2" time="26.940"/>
</testsuite> <!-- TestScriptMethods.Task2 -->
