<?xml version="1.0" encoding="UTF-8"?>
<!-- Generated by org.testng.reporters.JUnitReportReporter -->
<testsuite hostname="DESKTOP-QF9JJES" failures="0" tests="2" name="DataProvider.DataProviderAnnotation" time="52.109" errors="0" timestamp="2024-10-10T09:21:23 IST" skipped="0">
  <testcase classname="DataProvider.DataProviderAnnotation" name="DataDriverAn" time="26.748"/>
  <testcase classname="DataProvider.DataProviderAnnotation" name="DataDriverAn" time="25.361"/>
</testsuite> <!-- DataProvider.DataProviderAnnotation -->
